\BOOKMARK [-1][-]{part.1}{I Introduction aux r\351seaux informatiques}{}% 1
\BOOKMARK [0][-]{chapter.1}{Histoire de la communication}{part.1}% 2
\BOOKMARK [0][-]{chapter.2}{\311volution des r\351seaux}{part.1}% 3
\BOOKMARK [1][-]{section.2.1}{Les \351quipements cr\351\351s}{chapter.2}% 4
\BOOKMARK [1][-]{section.2.2}{D\351mocratisation de l'Informatique}{chapter.2}% 5
\BOOKMARK [0][-]{chapter.3}{Classification}{part.1}% 6
\BOOKMARK [0][-]{chapter.4}{Topologie}{part.1}% 7
\BOOKMARK [1][-]{section.4.1}{Topologie point \340 point}{chapter.4}% 8
\BOOKMARK [2][-]{subsection.4.1.1}{Topologie en \351toile}{section.4.1}% 9
\BOOKMARK [2][-]{subsection.4.1.2}{Topologie en boucle}{section.4.1}% 10
\BOOKMARK [2][-]{subsection.4.1.3}{Topologie maill\351e}{section.4.1}% 11
\BOOKMARK [1][-]{section.4.2}{Topologie \340 diffusion}{chapter.4}% 12
\BOOKMARK [1][-]{section.4.3}{Choix d'une topologie}{chapter.4}% 13
\BOOKMARK [0][-]{chapter.5}{Normalisation}{part.1}% 14
\BOOKMARK [1][-]{section.5.1}{qu'est ce que la normalisation et pourquoi ?}{chapter.5}% 15
\BOOKMARK [1][-]{section.5.2}{Les principaux organismes de normalisation}{chapter.5}% 16
\BOOKMARK [0][-]{chapter.6}{Architecture de communication}{part.1}% 17
\BOOKMARK [1][-]{section.6.1}{Qu'appelle-t-on Architecture de Communication ?}{chapter.6}% 18
\BOOKMARK [1][-]{section.6.2}{Quels sont les services offerts par une architecture de communication ?}{chapter.6}% 19
\BOOKMARK [1][-]{section.6.3}{Pourquoi normaliser l'architecture ?}{chapter.6}% 20
\BOOKMARK [1][-]{section.6.4}{Le mod\350le OSI}{chapter.6}% 21
\BOOKMARK [2][-]{subsection.6.4.1}{Utilit\351 et objectifs}{section.6.4}% 22
\BOOKMARK [2][-]{subsection.6.4.2}{Les couches}{section.6.4}% 23
\BOOKMARK [2][-]{subsection.6.4.3}{Int\351raction entre entit\351s}{section.6.4}% 24
\BOOKMARK [2][-]{subsection.6.4.4}{Transfert des donn\351es utilisateurs}{section.6.4}% 25
\BOOKMARK [2][-]{subsection.6.4.5}{Int\351ractions entre entit\351s}{section.6.4}% 26
\BOOKMARK [-1][-]{part.2}{II Transmission des donn\351es}{}% 27
\BOOKMARK [0][-]{chapter.7}{Codage de l'Information}{part.2}% 28
\BOOKMARK [0][-]{appendix.A}{TD 1}{part.2}% 29
