\BOOKMARK [0][-]{chapter.1}{Paradigmes de programmation}{}
\BOOKMARK [1][-]{section.1.1}{Programmation fonctionnelles}{chapter.1}
\BOOKMARK [1][-]{section.1.2}{Programmation d\351clarative}{chapter.1}
\BOOKMARK [1][-]{section.1.3}{Programmation Imp\351rative}{chapter.1}
\BOOKMARK [0][-]{chapter.2}{Programmation imp\351rative en C}{}
\BOOKMARK [1][-]{section.2.1}{Description de l'organisation des donn\351es en m\351moire}{chapter.2}
\BOOKMARK [1][-]{section.2.2}{Code syntaxe}{chapter.2}
\BOOKMARK [1][-]{section.2.3}{Structure d'une programme en C}{chapter.2}
\BOOKMARK [1][-]{section.2.4}{La compilation}{chapter.2}
\BOOKMARK [0][-]{chapter.3}{M\351thodologie de la programmation imp\351rative}{}
\BOOKMARK [1][-]{section.3.1}{Programmation ``en petit''}{chapter.3}
\BOOKMARK [1][-]{section.3.2}{Programmation en large}{chapter.3}
\BOOKMARK [1][-]{section.3.3}{D\351veloppement d'un algorithme}{chapter.3}
\BOOKMARK [1][-]{section.3.4}{\311tape 1 : comprendre le probl\350me}{chapter.3}
\BOOKMARK [1][-]{section.3.5}{\311tape 2 : Sp\351cification du programme : sp\351cification formelle}{chapter.3}
\BOOKMARK [1][-]{section.3.6}{\311tape 3: Donner un mod\350le de solution}{chapter.3}
\BOOKMARK [1][-]{section.3.7}{\311tape 4 : Programmer et unifier le programme}{chapter.3}
\BOOKMARK [0][-]{chapter.4}{Sp\351cification d'un programme}{}
\BOOKMARK [1][-]{section.4.1}{Mots cl\351s \340 utiliser dans les pr\351dicats}{chapter.4}
\BOOKMARK [1][-]{section.4.2}{\311criture de la sp\351cification}{chapter.4}
\BOOKMARK [0][-]{appendix.A}{Glossaire}{}
\BOOKMARK [0][-]{appendix.B}{Exercices}{}
\BOOKMARK [1][-]{section.B.1}{Initiation}{appendix.B}
\BOOKMARK [1][-]{section.B.2}{Tableau de situation}{appendix.B}
\BOOKMARK [1][-]{section.B.3}{Effets de bords}{appendix.B}
\BOOKMARK [1][-]{section.B.4}{Sp\351cification}{appendix.B}
\BOOKMARK [0][-]{appendix.C}{Liste des codes sources}{}
