/***********************************************
*  ASR => Gpr3                                 *
************************************************
*  Login : drn0073a                            *
*          smm0569a                            *
************************************************
*  Groupe: B                                   *
*                                              *
************************************************
*  Nom-prénom : de ROQUEMAUREL Antoine         *
*  Nom-prénom : SOUM Mathieu                   *
*                                              *
*                                              *
************************************************
*  TP n°: 3                                    *
************************************************
*  Nom du fichier : pipe1.trace                *
***********************************************/

[10:01:13]drn0073a@r-info-gren-l03:~/Gpr3/TP3$ ./pipe1 
lundi 7 novembre 2011, 10:01:17 (UTC+0100)
Login drn0073a
UID 34924
Bonjour les nounours!
[10:01:28]drn0073a@r-info-gren-l03:~/Gpr3/TP3$ cat data.txt 
Bonjour les nounours!
[10:01:34]drn0073a@r-info-gren-l03:~/Gpr3/TP3$ 
