\BOOKMARK [0][-]{chapter*.1}{Avant-propos}{}
\BOOKMARK [0][-]{chapter.1}{Sprint z\351ro}{}
\BOOKMARK [1][-]{section.1.1}{Cr\351ation de l'\351quipe de d\351veloppement}{chapter.1}
\BOOKMARK [1][-]{section.1.2}{Choix des technologies utilis\351es}{chapter.1}
\BOOKMARK [1][-]{section.1.3}{Planning poker}{chapter.1}
\BOOKMARK [1][-]{section.1.4}{Conception}{chapter.1}
\BOOKMARK [0][-]{chapter.2}{Sprint 1}{}
\BOOKMARK [1][-]{section.2.1}{User Stories pr\351vues}{chapter.2}
\BOOKMARK [1][-]{section.2.2}{Difficult\351s du sprint}{chapter.2}
\BOOKMARK [1][-]{section.2.3}{Bilan du sprint}{chapter.2}
\BOOKMARK [0][-]{chapter.3}{Sprint 2}{}
\BOOKMARK [1][-]{section.3.1}{User Stories pr\351vues}{chapter.3}
\BOOKMARK [1][-]{section.3.2}{Difficult\351s du sprint}{chapter.3}
\BOOKMARK [1][-]{section.3.3}{Bilan du sprint}{chapter.3}
\BOOKMARK [0][-]{chapter.4}{Sprint 3}{}
\BOOKMARK [1][-]{section.4.1}{User Stories pr\351vues}{chapter.4}
\BOOKMARK [1][-]{section.4.2}{Difficult\351s du sprint}{chapter.4}
\BOOKMARK [1][-]{section.4.3}{Bilan du sprint}{chapter.4}
\BOOKMARK [0][-]{chapter.5}{Bilan de la release}{}
\BOOKMARK [0][-]{appendix.A}{Statistiques de la release}{}
\BOOKMARK [0][-]{appendix.B}{Les diff\351rentes Stories}{}
\BOOKMARK [0][-]{appendix.C}{Interface Homme Machine}{}
