/***********************************************
*  ASR => Gpr3                                 *
************************************************
*  Login : drn0073a                            *
*          smm0569a                            *
************************************************
*  Groupe: B                                   *
*                                              *
************************************************
*  Nom-prénom : de ROQUEMAUREL Antoine         *
*  Nom-prénom : SOUM Mathieu                   *
*                                              *
*                                              *
************************************************
*  TP n°: 3                                    *
************************************************
*  Nom du fichier : emission.trace             *
***********************************************/

[10:05:01]drn0073a@r-info-gren-l03:~/Gpr3/TP3$ ./reception 
Login : drn0073a
UID : 34924
lundi 7 novembre 2011, 10:07:03 (UTC+0100)
Message : Bienvenue au pays des Schtroumphs!
Message : Ici la vie est belle
Message : Et on est heureux !! =)
Message : Et on est heureux !! =)
^C
[10:07:49]drn0073a@r-info-gren-l03:~/Gpr3/TP3$ 
