/***********************************************
*  ASR => Gpr3                                 *
************************************************
*  Login : drn0073a                            *
*          smm0569a                            *
************************************************
*  Groupe: B                                   *
*                                              *
************************************************
*  Nom-prénom : de ROQUEMAUREL Antoine         *
*  Nom-prénom : SOUM Mathieu                   *
*                                              *
*                                              *
************************************************
*  TP n°: 3                                    *
************************************************
*  Nom du fichier : signal12-fifo.trace         *
***********************************************/

[10:05:01]drn0073a@r-info-gren-l03:~/Gpr3/TP3$ ./signal1-fifo &
[1] 2941
[10:06:07]drn0073a@r-info-gren-l03:~/Gpr3/TP3$ Login : drn0073a
UID : 34924
lundi 7 novembre 2011, 10:06:07 (UTC+0100)


[10:06:08]drn0073a@r-info-gren-l03:~/Gpr3/TP3$ ./signal2-fifo 
Bye!
[10:06:12]drn0073a@r-info-gren-l03:~/Gpr3/TP3$ 

