\BOOKMARK [0][-]{chapter*.1}{Document de synth\350se}{}
\BOOKMARK [0][-]{chapter.1}{Projet et \311quipe de management}{}
\BOOKMARK [1][-]{section.1.1}{Pr\351sentation des cr\351ateurs}{chapter.1}
\BOOKMARK [1][-]{section.1.2}{Atouts}{chapter.1}
\BOOKMARK [1][-]{section.1.3}{L'id\351e}{chapter.1}
\BOOKMARK [1][-]{section.1.4}{Objectifs du projet}{chapter.1}
\BOOKMARK [1][-]{section.1.5}{Taille de l'entreprise}{chapter.1}
\BOOKMARK [0][-]{chapter.2}{Offre}{}
\BOOKMARK [1][-]{section.2.1}{M\351tier}{chapter.2}
\BOOKMARK [1][-]{section.2.2}{Valeur pour le client}{chapter.2}
\BOOKMARK [1][-]{section.2.3}{Produit}{chapter.2}
\BOOKMARK [1][-]{section.2.4}{Protection intellectuelle}{chapter.2}
\BOOKMARK [1][-]{section.2.5}{R\351glementation}{chapter.2}
\BOOKMARK [1][-]{section.2.6}{Politique commerciale et marketing}{chapter.2}
\BOOKMARK [0][-]{chapter.3}{March\351 et concurence}{}
\BOOKMARK [1][-]{section.3.1}{Pr\351sentation du march\351}{chapter.3}
\BOOKMARK [1][-]{section.3.2}{Segmentation du march\351}{chapter.3}
\BOOKMARK [1][-]{section.3.3}{Concurence}{chapter.3}
\BOOKMARK [0][-]{chapter.4}{Pr\351sentation du business model}{}
\BOOKMARK [1][-]{section.4.1}{Pr\351sentation de la strat\351gie de l'entreprise}{chapter.4}
\BOOKMARK [1][-]{section.4.2}{Pr\351sentation de l'organisation de l'entreprise}{chapter.4}
\BOOKMARK [1][-]{section.4.3}{Organigramme de l'entreprise}{chapter.4}
\BOOKMARK [0][-]{chapter.5}{Analyse des risques}{}
\BOOKMARK [0][-]{chapter.6}{Hypoth\350ses financi\350res et pr\351visions}{}
\BOOKMARK [0][-]{appendix.A}{Listes des annonceurs potentiels}{}
\BOOKMARK [0][-]{appendix.B}{Financements et r\351sultat}{}
\BOOKMARK [0][-]{appendix.C}{Glossaire}{}
