\BOOKMARK [0][-]{chapter.1}{Seuil de rentabilit\351 \(SR\)}{}
\BOOKMARK [1][-]{section.1.1}{Charges fixes et charges variables}{chapter.1}
\BOOKMARK [2][-]{subsection.1.1.1}{Les charges fixes \(Charges de structure\)}{section.1.1}
\BOOKMARK [2][-]{subsection.1.1.2}{Charges variables \(Charges op\351rationnelles\)}{section.1.1}
\BOOKMARK [1][-]{section.1.2}{La marge sur co\373t variable \(MCV\)}{chapter.1}
\BOOKMARK [1][-]{section.1.3}{Le Taux de Marge sur co\373t Variable \(TMCV\)}{chapter.1}
\BOOKMARK [1][-]{section.1.4}{D\351termination du seuil de rentabilit\351}{chapter.1}
\BOOKMARK [0][-]{chapter.2}{La fixation du prix de vente par la m\351thode des co\373ts complet}{}
\BOOKMARK [1][-]{section.2.1}{La notion de co\373t complet}{chapter.2}
\BOOKMARK [2][-]{subsection.2.1.1}{La formation des co\373ts}{section.2.1}
\BOOKMARK [1][-]{section.2.2}{Conclusion}{chapter.2}
\BOOKMARK [1][-]{section.2.3}{Le r\351sultat analytique et les marges}{chapter.2}
\BOOKMARK [2][-]{subsection.2.3.1}{Le r\351sultat analytique \(RA}{section.2.3}
\BOOKMARK [2][-]{subsection.2.3.2}{Les marges}{section.2.3}
\BOOKMARK [1][-]{section.2.4}{Les charges directes et indirectes}{chapter.2}
\BOOKMARK [2][-]{subsection.2.4.1}{La distinction}{section.2.4}
\BOOKMARK [2][-]{subsection.2.4.2}{Les centres d'analyse}{section.2.4}
\BOOKMARK [1][-]{section.2.5}{La r\351partition des charges indirectes}{chapter.2}
\BOOKMARK [1][-]{section.2.6}{L'attribution aux co\373ts \(imputation}{chapter.2}
\BOOKMARK [2][-]{subsection.2.6.1}{Les unit\351s d'\234uvre}{section.2.6}
\BOOKMARK [2][-]{subsection.2.6.2}{Le co\373t d'une unit\351 d'\234uvre}{section.2.6}
\BOOKMARK [2][-]{subsection.2.6.3}{Les taux de frais}{section.2.6}
\BOOKMARK [1][-]{section.2.7}{La pris en compte des stocks}{chapter.2}
\BOOKMARK [2][-]{subsection.2.7.1}{Les diff\351rentes m\351thodes de valorisation des stocks}{section.2.7}
\BOOKMARK [2][-]{subsection.2.7.2}{Cons\351quences du choix de la m\351thode de valorisation des sorties}{section.2.7}
